<?xml version="1.0" encoding="UTF-8"?>
<testsuite xmlns:xsi="http://www.w3.org/2001/XMLSchema-instance" xsi:noNamespaceSchemaLocation="https://maven.apache.org/surefire/maven-surefire-plugin/xsd/surefire-test-report-3.0.xsd" version="3.0" name="com.clinic.performance.PatientAppointmentBookingPerformanceTest" time="33.304" tests="1" errors="0" skipped="0" failures="0">
  <properties>
[...]
</properties>
  <testcase name="runPatientBookingLoadTest" classname="com.clinic.performance.PatientAppointmentBookingPerformanceTest" time="31.287">
    <system-out><![CDATA[2026-04-06T02:50:11.982+05:45  INFO 18520 --- [           main] t.c.s.AnnotationConfigContextLoaderUtils : Could not detect default configuration classes for test class [com.clinic.performance.PatientAppointmentBookingPerformanceTest]: PatientAppointmentBookingPerformanceTest does not declare any static, non-private, non-final, nested classes annotated with @Configuration.
2026-04-06T02:50:11.997+05:45  INFO 18520 --- [           main] .b.t.c.SpringBootTestContextBootstrapper : Found @SpringBootConfiguration com.clinic.ClinicApplication for test class com.clinic.performance.PatientAppointmentBookingPerformanceTest

  .   ____          _            __ _ _
 /\\ / ___'_ __ _ _(_)_ __  __ _ \ \ \ \
( ( )\___ | '_ | '_| | '_ \/ _` | \ \ \ \
 \\/  ___)| |_)| | | | | || (_| |  ) ) ) )
  '  |____| .__|_| |_|_| |_\__, | / / / /
 =========|_|==============|___/=/_/_/_/
 :: Spring Boot ::                (v3.2.0)

2026-04-06T02:50:12.034+05:45  INFO 18520 --- [           main] PatientAppointmentBookingPerformanceTest : Starting PatientAppointmentBookingPerformanceTest using Java 21.0.10 with PID 18520 (started by blimb in D:\WestCliff University\7th Trimester\Clinic_booking\clinic-booking)
2026-04-06T02:50:12.034+05:45  INFO 18520 --- [           main] PatientAppointmentBookingPerformanceTest : No active profile set, falling back to 1 default profile: "default"
2026-04-06T02:50:12.264+05:45  INFO 18520 --- [           main] .s.d.r.c.RepositoryConfigurationDelegate : Bootstrapping Spring Data JPA repositories in DEFAULT mode.
2026-04-06T02:50:12.287+05:45  INFO 18520 --- [           main] .s.d.r.c.RepositoryConfigurationDelegate : Finished Spring Data repository scanning in 22 ms. Found 5 JPA repository interfaces.
2026-04-06T02:50:12.641+05:45  INFO 18520 --- [           main] o.s.b.w.embedded.tomcat.TomcatWebServer  : Tomcat initialized with port 0 (http)
2026-04-06T02:50:12.664+05:45  INFO 18520 --- [           main] o.apache.catalina.core.StandardService   : Starting service [Tomcat]
2026-04-06T02:50:12.665+05:45  INFO 18520 --- [           main] o.apache.catalina.core.StandardEngine    : Starting Servlet engine: [Apache Tomcat/10.1.16]
2026-04-06T02:50:12.766+05:45  INFO 18520 --- [           main] o.a.c.c.C.[Tomcat].[localhost].[/]       : Initializing Spring embedded WebApplicationContext
2026-04-06T02:50:12.766+05:45  INFO 18520 --- [           main] w.s.c.ServletWebServerApplicationContext : Root WebApplicationContext: initialization completed in 731 ms
2026-04-06T02:50:12.866+05:45  INFO 18520 --- [           main] o.hibernate.jpa.internal.util.LogHelper  : HHH000204: Processing PersistenceUnitInfo [name: default]
2026-04-06T02:50:12.871+05:45  INFO 18520 --- [           main] o.h.c.internal.RegionFactoryInitiator    : HHH000026: Second-level cache disabled
2026-04-06T02:50:12.877+05:45  INFO 18520 --- [           main] o.s.o.j.p.SpringPersistenceUnitInfo      : No LoadTimeWeaver setup: ignoring JPA class transformer
2026-04-06T02:50:12.878+05:45  INFO 18520 --- [           main] com.zaxxer.hikari.HikariDataSource       : HikariPool-2 - Starting...
2026-04-06T02:50:12.880+05:45  INFO 18520 --- [           main] com.zaxxer.hikari.pool.HikariPool        : HikariPool-2 - Added connection conn10: url=jdbc:h2:mem:clinicdb user=SA
2026-04-06T02:50:12.881+05:45  INFO 18520 --- [           main] com.zaxxer.hikari.HikariDataSource       : HikariPool-2 - Start completed.
2026-04-06T02:50:12.881+05:45  WARN 18520 --- [           main] org.hibernate.orm.deprecation            : HHH90000025: H2Dialect does not need to be specified explicitly using 'hibernate.dialect' (remove the property setting and it will be selected by default)
2026-04-06T02:50:13.058+05:45  INFO 18520 --- [           main] o.h.e.t.j.p.i.JtaPlatformInitiator       : HHH000489: No JTA platform available (set 'hibernate.transaction.jta.platform' to enable JTA platform integration)
2026-04-06T02:50:13.087+05:45  INFO 18520 --- [           main] j.LocalContainerEntityManagerFactoryBean : Initialized JPA EntityManagerFactory for persistence unit 'default'
2026-04-06T02:50:13.496+05:45  WARN 18520 --- [           main] JpaBaseConfiguration$JpaWebConfiguration : spring.jpa.open-in-view is enabled by default. Therefore, database queries may be performed during view rendering. Explicitly configure spring.jpa.open-in-view to disable this warning
2026-04-06T02:50:13.624+05:45  INFO 18520 --- [           main] o.s.s.web.DefaultSecurityFilterChain     : Will secure any request with [org.springframework.security.web.session.DisableEncodeUrlFilter@3ac92e18, org.springframework.security.web.context.request.async.WebAsyncManagerIntegrationFilter@183e67e1, org.springframework.security.web.context.SecurityContextHolderFilter@188d1652, org.springframework.security.web.header.HeaderWriterFilter@45ecfa94, org.springframework.web.filter.CorsFilter@1ff3840b, org.springframework.security.web.authentication.logout.LogoutFilter@6448c3bb, com.clinic.security.JwtFilter@56ba316b, org.springframework.security.web.savedrequest.RequestCacheAwareFilter@1322962b, org.springframework.security.web.servletapi.SecurityContextHolderAwareRequestFilter@3138f681, org.springframework.security.web.authentication.AnonymousAuthenticationFilter@3d112352, org.springframework.security.web.session.SessionManagementFilter@67c84a4b, org.springframework.security.web.access.ExceptionTranslationFilter@595a4fdf, org.springframework.security.web.access.intercept.AuthorizationFilter@15a6ecd3]
2026-04-06T02:50:13.874+05:45  INFO 18520 --- [           main] o.s.b.w.embedded.tomcat.TomcatWebServer  : Tomcat started on port 50295 (http) with context path ''
2026-04-06T02:50:13.880+05:45  INFO 18520 --- [           main] PatientAppointmentBookingPerformanceTest : Started PatientAppointmentBookingPerformanceTest in 1.878 seconds (process running for 18.727)
2026-04-06T02:50:14.342+05:45  INFO 18520 --- [o-auto-1-exec-1] o.a.c.c.C.[Tomcat].[localhost].[/]       : Initializing Spring DispatcherServlet 'dispatcherServlet'
2026-04-06T02:50:14.342+05:45  INFO 18520 --- [o-auto-1-exec-1] o.s.web.servlet.DispatcherServlet        : Initializing Servlet 'dispatcherServlet'
2026-04-06T02:50:14.344+05:45  INFO 18520 --- [o-auto-1-exec-1] o.s.web.servlet.DispatcherServlet        : Completed initialization in 2 ms
2026-04-06T02:50:14.359+05:45  WARN 18520 --- [o-auto-1-exec-1] o.s.w.s.h.HandlerMappingIntrospector     : Cache miss for REQUEST dispatch to '/api/auth/login' (previous null). Performing CorsConfiguration lookup. This is logged once only at WARN level, and every time at TRACE.
2026-04-06T02:50:14.372+05:45  WARN 18520 --- [o-auto-1-exec-1] o.s.w.s.h.HandlerMappingIntrospector     : Cache miss for REQUEST dispatch to '/api/auth/login' (previous null). Performing MatchableHandlerMapping lookup. This is logged once only at WARN level, and every time at TRACE.
2026-04-06T02:50:14.851+05:45  INFO 18520 --- [o-auto-1-exec-3] com.clinic.service.NotificationService   : [NOTIFY] BOOKING CONFIRMED → Patient: Load Test Patient | Dr. Dr. Load Test | 2026-04-07 at 00:00
2026-04-06T02:50:15.340+05:45  INFO 18520 --- [o-auto-1-exec-4] com.clinic.service.NotificationService   : [NOTIFY] BOOKING CONFIRMED → Patient: Load Test Patient | Dr. Dr. Load Test | 2026-04-07 at 00:05
2026-04-06T02:50:15.948+05:45  INFO 18520 --- [o-auto-1-exec-2] com.clinic.service.NotificationService   : [NOTIFY] BOOKING CONFIRMED → Patient: Load Test Patient | Dr. Dr. Load Test | 2026-04-07 at 00:10
2026-04-06T02:50:16.547+05:45  INFO 18520 --- [o-auto-1-exec-6] com.clinic.service.NotificationService   : [NOTIFY] BOOKING CONFIRMED → Patient: Load Test Patient | Dr. Dr. Load Test | 2026-04-07 at 00:15
2026-04-06T02:50:17.147+05:45  INFO 18520 --- [o-auto-1-exec-7] com.clinic.service.NotificationService   : [NOTIFY] BOOKING CONFIRMED → Patient: Load Test Patient | Dr. Dr. Load Test | 2026-04-07 at 00:20
2026-04-06T02:50:17.755+05:45  INFO 18520 --- [o-auto-1-exec-5] com.clinic.service.NotificationService   : [NOTIFY] BOOKING CONFIRMED → Patient: Load Test Patient | Dr. Dr. Load Test | 2026-04-07 at 00:25
2026-04-06T02:50:18.362+05:45  INFO 18520 --- [o-auto-1-exec-8] com.clinic.service.NotificationService   : [NOTIFY] BOOKING CONFIRMED → Patient: Load Test Patient | Dr. Dr. Load Test | 2026-04-07 at 00:30
2026-04-06T02:50:18.953+05:45  INFO 18520 --- [o-auto-1-exec-9] com.clinic.service.NotificationService   : [NOTIFY] BOOKING CONFIRMED → Patient: Load Test Patient | Dr. Dr. Load Test | 2026-04-07 at 00:35
2026-04-06T02:50:19.549+05:45  INFO 18520 --- [-auto-1-exec-10] com.clinic.service.NotificationService   : [NOTIFY] BOOKING CONFIRMED → Patient: Load Test Patient | Dr. Dr. Load Test | 2026-04-07 at 00:40
2026-04-06T02:50:20.150+05:45  INFO 18520 --- [o-auto-1-exec-1] com.clinic.service.NotificationService   : [NOTIFY] BOOKING CONFIRMED → Patient: Load Test Patient | Dr. Dr. Load Test | 2026-04-07 at 00:45
2026-04-06T02:50:20.750+05:45  INFO 18520 --- [o-auto-1-exec-3] com.clinic.service.NotificationService   : [NOTIFY] BOOKING CONFIRMED → Patient: Load Test Patient | Dr. Dr. Load Test | 2026-04-07 at 00:50
2026-04-06T02:50:21.347+05:45  INFO 18520 --- [o-auto-1-exec-4] com.clinic.service.NotificationService   : [NOTIFY] BOOKING CONFIRMED → Patient: Load Test Patient | Dr. Dr. Load Test | 2026-04-07 at 00:55
2026-04-06T02:50:21.938+05:45  INFO 18520 --- [o-auto-1-exec-2] com.clinic.service.NotificationService   : [NOTIFY] BOOKING CONFIRMED → Patient: Load Test Patient | Dr. Dr. Load Test | 2026-04-07 at 01:00
2026-04-06T02:50:22.547+05:45  INFO 18520 --- [o-auto-1-exec-6] com.clinic.service.NotificationService   : [NOTIFY] BOOKING CONFIRMED → Patient: Load Test Patient | Dr. Dr. Load Test | 2026-04-07 at 01:05
2026-04-06T02:50:23.150+05:45  INFO 18520 --- [o-auto-1-exec-7] com.clinic.service.NotificationService   : [NOTIFY] BOOKING CONFIRMED → Patient: Load Test Patient | Dr. Dr. Load Test | 2026-04-07 at 01:10
2026-04-06T02:50:23.752+05:45  INFO 18520 --- [o-auto-1-exec-5] com.clinic.service.NotificationService   : [NOTIFY] BOOKING CONFIRMED → Patient: Load Test Patient | Dr. Dr. Load Test | 2026-04-07 at 01:15
2026-04-06T02:50:24.349+05:45  INFO 18520 --- [o-auto-1-exec-8] com.clinic.service.NotificationService   : [NOTIFY] BOOKING CONFIRMED → Patient: Load Test Patient | Dr. Dr. Load Test | 2026-04-07 at 01:20
2026-04-06T02:50:24.957+05:45  INFO 18520 --- [o-auto-1-exec-9] com.clinic.service.NotificationService   : [NOTIFY] BOOKING CONFIRMED → Patient: Load Test Patient | Dr. Dr. Load Test | 2026-04-07 at 01:25
2026-04-06T02:50:25.537+05:45  INFO 18520 --- [-auto-1-exec-10] com.clinic.service.NotificationService   : [NOTIFY] BOOKING CONFIRMED → Patient: Load Test Patient | Dr. Dr. Load Test | 2026-04-07 at 01:30
2026-04-06T02:50:26.146+05:45  INFO 18520 --- [o-auto-1-exec-1] com.clinic.service.NotificationService   : [NOTIFY] BOOKING CONFIRMED → Patient: Load Test Patient | Dr. Dr. Load Test | 2026-04-07 at 01:35
2026-04-06T02:50:26.745+05:45  INFO 18520 --- [o-auto-1-exec-3] com.clinic.service.NotificationService   : [NOTIFY] BOOKING CONFIRMED → Patient: Load Test Patient | Dr. Dr. Load Test | 2026-04-07 at 01:40
2026-04-06T02:50:27.336+05:45  INFO 18520 --- [o-auto-1-exec-4] com.clinic.service.NotificationService   : [NOTIFY] BOOKING CONFIRMED → Patient: Load Test Patient | Dr. Dr. Load Test | 2026-04-07 at 01:45
2026-04-06T02:50:27.943+05:45  INFO 18520 --- [o-auto-1-exec-2] com.clinic.service.NotificationService   : [NOTIFY] BOOKING CONFIRMED → Patient: Load Test Patient | Dr. Dr. Load Test | 2026-04-07 at 01:50
2026-04-06T02:50:28.540+05:45  INFO 18520 --- [o-auto-1-exec-6] com.clinic.service.NotificationService   : [NOTIFY] BOOKING CONFIRMED → Patient: Load Test Patient | Dr. Dr. Load Test | 2026-04-07 at 01:55
2026-04-06T02:50:29.145+05:45  INFO 18520 --- [o-auto-1-exec-7] com.clinic.service.NotificationService   : [NOTIFY] BOOKING CONFIRMED → Patient: Load Test Patient | Dr. Dr. Load Test | 2026-04-07 at 02:00
2026-04-06T02:50:29.756+05:45  INFO 18520 --- [o-auto-1-exec-5] com.clinic.service.NotificationService   : [NOTIFY] BOOKING CONFIRMED → Patient: Load Test Patient | Dr. Dr. Load Test | 2026-04-07 at 02:05
2026-04-06T02:50:30.345+05:45  INFO 18520 --- [o-auto-1-exec-8] com.clinic.service.NotificationService   : [NOTIFY] BOOKING CONFIRMED → Patient: Load Test Patient | Dr. Dr. Load Test | 2026-04-07 at 02:10
2026-04-06T02:50:30.954+05:45  INFO 18520 --- [o-auto-1-exec-9] com.clinic.service.NotificationService   : [NOTIFY] BOOKING CONFIRMED → Patient: Load Test Patient | Dr. Dr. Load Test | 2026-04-07 at 02:15
2026-04-06T02:50:31.535+05:45  INFO 18520 --- [-auto-1-exec-10] com.clinic.service.NotificationService   : [NOTIFY] BOOKING CONFIRMED → Patient: Load Test Patient | Dr. Dr. Load Test | 2026-04-07 at 02:20
2026-04-06T02:50:32.159+05:45  INFO 18520 --- [o-auto-1-exec-1] com.clinic.service.NotificationService   : [NOTIFY] BOOKING CONFIRMED → Patient: Load Test Patient | Dr. Dr. Load Test | 2026-04-07 at 02:25
2026-04-06T02:50:32.749+05:45  INFO 18520 --- [o-auto-1-exec-3] com.clinic.service.NotificationService   : [NOTIFY] BOOKING CONFIRMED → Patient: Load Test Patient | Dr. Dr. Load Test | 2026-04-07 at 02:30
2026-04-06T02:50:33.338+05:45  INFO 18520 --- [o-auto-1-exec-4] com.clinic.service.NotificationService   : [NOTIFY] BOOKING CONFIRMED → Patient: Load Test Patient | Dr. Dr. Load Test | 2026-04-07 at 02:35
2026-04-06T02:50:33.958+05:45  INFO 18520 --- [o-auto-1-exec-2] com.clinic.service.NotificationService   : [NOTIFY] BOOKING CONFIRMED → Patient: Load Test Patient | Dr. Dr. Load Test | 2026-04-07 at 02:40
2026-04-06T02:50:34.543+05:45  INFO 18520 --- [o-auto-1-exec-6] com.clinic.service.NotificationService   : [NOTIFY] BOOKING CONFIRMED → Patient: Load Test Patient | Dr. Dr. Load Test | 2026-04-07 at 02:45
2026-04-06T02:50:35.148+05:45  INFO 18520 --- [o-auto-1-exec-7] com.clinic.service.NotificationService   : [NOTIFY] BOOKING CONFIRMED → Patient: Load Test Patient | Dr. Dr. Load Test | 2026-04-07 at 02:50
2026-04-06T02:50:35.748+05:45  INFO 18520 --- [o-auto-1-exec-5] com.clinic.service.NotificationService   : [NOTIFY] BOOKING CONFIRMED → Patient: Load Test Patient | Dr. Dr. Load Test | 2026-04-07 at 02:55
2026-04-06T02:50:36.352+05:45  INFO 18520 --- [o-auto-1-exec-8] com.clinic.service.NotificationService   : [NOTIFY] BOOKING CONFIRMED → Patient: Load Test Patient | Dr. Dr. Load Test | 2026-04-07 at 03:00
2026-04-06T02:50:36.935+05:45  INFO 18520 --- [o-auto-1-exec-9] com.clinic.service.NotificationService   : [NOTIFY] BOOKING CONFIRMED → Patient: Load Test Patient | Dr. Dr. Load Test | 2026-04-07 at 03:05
2026-04-06T02:50:37.569+05:45  INFO 18520 --- [-auto-1-exec-10] com.clinic.service.NotificationService   : [NOTIFY] BOOKING CONFIRMED → Patient: Load Test Patient | Dr. Dr. Load Test | 2026-04-07 at 03:10
2026-04-06T02:50:38.141+05:45  INFO 18520 --- [o-auto-1-exec-1] com.clinic.service.NotificationService   : [NOTIFY] BOOKING CONFIRMED → Patient: Load Test Patient | Dr. Dr. Load Test | 2026-04-07 at 03:15
2026-04-06T02:50:38.762+05:45  INFO 18520 --- [o-auto-1-exec-3] com.clinic.service.NotificationService   : [NOTIFY] BOOKING CONFIRMED → Patient: Load Test Patient | Dr. Dr. Load Test | 2026-04-07 at 03:20
2026-04-06T02:50:39.342+05:45  INFO 18520 --- [o-auto-1-exec-4] com.clinic.service.NotificationService   : [NOTIFY] BOOKING CONFIRMED → Patient: Load Test Patient | Dr. Dr. Load Test | 2026-04-07 at 03:25
2026-04-06T02:50:39.967+05:45  INFO 18520 --- [o-auto-1-exec-2] com.clinic.service.NotificationService   : [NOTIFY] BOOKING CONFIRMED → Patient: Load Test Patient | Dr. Dr. Load Test | 2026-04-07 at 03:30
2026-04-06T02:50:40.541+05:45  INFO 18520 --- [o-auto-1-exec-6] com.clinic.service.NotificationService   : [NOTIFY] BOOKING CONFIRMED → Patient: Load Test Patient | Dr. Dr. Load Test | 2026-04-07 at 03:35
2026-04-06T02:50:41.141+05:45  INFO 18520 --- [o-auto-1-exec-7] com.clinic.service.NotificationService   : [NOTIFY] BOOKING CONFIRMED → Patient: Load Test Patient | Dr. Dr. Load Test | 2026-04-07 at 03:40
2026-04-06T02:50:41.742+05:45  INFO 18520 --- [o-auto-1-exec-5] com.clinic.service.NotificationService   : [NOTIFY] BOOKING CONFIRMED → Patient: Load Test Patient | Dr. Dr. Load Test | 2026-04-07 at 03:45
2026-04-06T02:50:42.333+05:45  INFO 18520 --- [o-auto-1-exec-8] com.clinic.service.NotificationService   : [NOTIFY] BOOKING CONFIRMED → Patient: Load Test Patient | Dr. Dr. Load Test | 2026-04-07 at 03:50
2026-04-06T02:50:42.942+05:45  INFO 18520 --- [o-auto-1-exec-9] com.clinic.service.NotificationService   : [NOTIFY] BOOKING CONFIRMED → Patient: Load Test Patient | Dr. Dr. Load Test | 2026-04-07 at 03:55
2026-04-06T02:50:43.567+05:45  INFO 18520 --- [-auto-1-exec-10] com.clinic.service.NotificationService   : [NOTIFY] BOOKING CONFIRMED → Patient: Load Test Patient | Dr. Dr. Load Test | 2026-04-07 at 04:00
2026-04-06T02:50:44.148+05:45  INFO 18520 --- [o-auto-1-exec-1] com.clinic.service.NotificationService   : [NOTIFY] BOOKING CONFIRMED → Patient: Load Test Patient | Dr. Dr. Load Test | 2026-04-07 at 04:05

=== LOAD TEST REPORT ===
Total Calls: 50
Success: 50
Failures: 0
Avg Latency: 33.68 ms

CPU Avg: 16.840720064422115%
CPU Max: 25.039953704675412%
]]></system-out>
  </testcase>
</testsuite>